2021-05-18 23:54:47 INFO  CRPF:45 - URL opened
2021-05-18 23:54:49 INFO  CRPF:16 - Login data
2021-05-18 23:54:49 INFO  CRPF:18 - Login successfully
2021-05-19 00:15:24 INFO  CRPF:45 - URL opened
2021-05-19 00:15:26 INFO  CRPF:16 - Login data
2021-05-19 00:15:27 INFO  CRPF:18 - Login successfully
2021-05-19 00:23:53 INFO  CRPF:45 - URL opened
2021-05-19 00:23:56 INFO  CRPF:16 - Login data
2021-05-19 00:23:56 INFO  CRPF:18 - Login successfully
2021-05-19 00:27:22 INFO  CRPF:45 - URL opened
2021-05-19 00:27:24 INFO  CRPF:16 - Login data
2021-05-19 00:27:24 INFO  CRPF:18 - Login successfully
2021-05-19 11:40:20 INFO  CRPF:45 - URL opened
2021-05-19 11:40:23 INFO  CRPF:16 - Login data
2021-05-19 11:40:23 INFO  CRPF:18 - Login successfully
2021-05-19 11:55:35 INFO  CRPF:45 - URL opened
2021-05-19 11:55:38 INFO  CRPF:16 - Login data
2021-05-19 11:55:38 INFO  CRPF:18 - Login successfully
2021-05-19 11:56:24 INFO  CRPF:45 - URL opened
2021-05-19 11:56:26 INFO  CRPF:16 - Login data
2021-05-19 11:56:26 INFO  CRPF:18 - Login successfully
2021-05-19 13:16:47 INFO  CRPF:45 - URL opened
2021-05-19 13:16:50 INFO  CRPF:16 - Login data
2021-05-19 13:16:50 INFO  CRPF:18 - Login successfully
2021-05-19 13:17:29 INFO  CRPF:45 - URL opened
2021-05-19 13:17:32 INFO  CRPF:16 - Login data
2021-05-19 13:17:32 INFO  CRPF:18 - Login successfully
2021-05-19 13:31:35 INFO  CRPF:45 - URL opened
2021-05-19 13:31:38 INFO  CRPF:16 - Login data
2021-05-19 13:31:38 INFO  CRPF:18 - Login successfully
2021-05-19 15:23:43 INFO  CRPF:45 - URL opened
2021-05-19 15:23:46 INFO  CRPF:16 - Login data
2021-05-19 15:23:46 INFO  CRPF:18 - Login successfully
2021-05-21 17:08:33 INFO  CRPF:45 - URL opened
2021-05-21 17:08:38 INFO  CRPF:16 - Login data
2021-05-21 17:08:38 INFO  CRPF:18 - Login successfully
2021-05-21 18:16:59 INFO  CRPF:45 - URL opened
2021-05-21 18:17:02 INFO  CRPF:16 - Login data
2021-05-21 18:17:24 INFO  CRPF:45 - URL opened
2021-05-21 18:33:34 INFO  CRPF:45 - URL opened
2021-05-21 18:33:37 INFO  CRPF:16 - Login data
2021-05-21 18:33:37 INFO  CRPF:18 - Login successfully
2021-05-21 19:13:51 INFO  CRPF:45 - URL opened
2021-05-21 19:13:54 INFO  CRPF:16 - Login data
2021-05-21 19:13:54 INFO  CRPF:18 - Login successfully
2021-05-21 19:15:54 INFO  CRPF:45 - URL opened
2021-05-21 19:15:57 INFO  CRPF:16 - Login data
2021-05-21 19:15:57 INFO  CRPF:18 - Login successfully
2021-05-21 19:17:31 INFO  CRPF:45 - URL opened
2021-05-21 19:17:33 INFO  CRPF:16 - Login data
2021-05-21 19:17:34 INFO  CRPF:18 - Login successfully
2021-05-21 19:18:40 INFO  CRPF:45 - URL opened
2021-05-21 19:18:43 INFO  CRPF:16 - Login data
2021-05-21 19:18:43 INFO  CRPF:18 - Login successfully
2021-05-21 19:19:58 INFO  CRPF:45 - URL opened
2021-05-21 19:20:01 INFO  CRPF:16 - Login data
2021-05-21 19:20:01 INFO  CRPF:18 - Login successfully
2021-05-21 20:25:54 INFO  CRPF:45 - URL opened
2021-05-21 20:25:57 INFO  CRPF:16 - Login data
2021-05-21 20:25:57 INFO  CRPF:18 - Login successfully
2021-05-21 21:11:14 INFO  CRPF:45 - URL opened
2021-05-21 21:11:16 INFO  CRPF:16 - Login data
2021-05-21 21:11:16 INFO  CRPF:18 - Login successfully
2021-05-21 22:44:48 INFO  CRPF:45 - URL opened
2021-05-21 22:44:51 INFO  CRPF:16 - Login data
2021-05-21 22:44:51 INFO  CRPF:18 - Login successfully
2021-05-21 22:49:23 INFO  CRPF:45 - URL opened
2021-05-21 22:49:26 INFO  CRPF:16 - Login data
2021-05-21 22:49:26 INFO  CRPF:18 - Login successfully
2021-06-11 10:55:56 INFO  CRPF:45 - URL opened
2021-06-11 10:56:04 INFO  CRPF:24 - Username and password entered
2021-06-11 10:56:05 INFO  CRPF:28 - Submit button clicked
2021-06-11 10:56:13 INFO  CRPF:24 - Username and password entered
2021-06-11 10:56:13 INFO  CRPF:28 - Submit button clicked
2021-06-11 10:56:21 INFO  CRPF:24 - Username and password entered
2021-06-11 10:56:21 INFO  CRPF:28 - Submit button clicked
2021-06-11 10:56:27 INFO  CRPF:24 - Username and password entered
2021-06-11 10:56:27 INFO  CRPF:28 - Submit button clicked
2021-06-11 10:56:34 INFO  CRPF:24 - Username and password entered
2021-06-11 10:56:34 INFO  CRPF:28 - Submit button clicked
